  [1m[36m (1.6ms)[0m  [1mCREATE TABLE "schema_migrations" ("version" varchar NOT NULL) [0m
  [1m[35m (0.1ms)[0m  select sqlite_version(*)
  [1m[36m (1.7ms)[0m  [1mCREATE UNIQUE INDEX "unique_schema_migrations" ON "schema_migrations" ("version")[0m
  [1m[35mActiveRecord::SchemaMigration Load (0.1ms)[0m  SELECT "schema_migrations".* FROM "schema_migrations"
Migrating to CreateUsers (20150910161044)
  [1m[36m (0.1ms)[0m  [1mbegin transaction[0m
  [1m[35m (0.6ms)[0m  CREATE TABLE "users" ("id" INTEGER PRIMARY KEY AUTOINCREMENT NOT NULL, "email" varchar, "password_digest" varchar, "first_name" varchar, "last_name" varchar, "created_at" datetime NOT NULL, "updated_at" datetime NOT NULL) 
  [1m[36mSQL (0.3ms)[0m  [1mINSERT INTO "schema_migrations" ("version") VALUES (?)[0m  [["version", "20150910161044"]]
  [1m[35m (1.8ms)[0m  commit transaction
  [1m[36mActiveRecord::SchemaMigration Load (0.1ms)[0m  [1mSELECT "schema_migrations".* FROM "schema_migrations"[0m
  [1m[36mActiveRecord::SchemaMigration Load (0.3ms)[0m  [1mSELECT "schema_migrations".* FROM "schema_migrations"[0m
Migrating to CreateRestaurants (20150910161427)
  [1m[35m (0.1ms)[0m  begin transaction
  [1m[36m (1.6ms)[0m  [1mCREATE TABLE "restaurants" ("id" INTEGER PRIMARY KEY AUTOINCREMENT NOT NULL, "name" varchar, "user_id" integer, "capacity" integer, "created_at" datetime NOT NULL, "updated_at" datetime NOT NULL) [0m
  [1m[35m (0.1ms)[0m  select sqlite_version(*)
  [1m[36m (0.2ms)[0m  [1mCREATE  INDEX "index_restaurants_on_user_id" ON "restaurants" ("user_id")[0m
  [1m[35mSQL (0.8ms)[0m  INSERT INTO "schema_migrations" ("version") VALUES (?)  [["version", "20150910161427"]]
  [1m[36m (7.8ms)[0m  [1mcommit transaction[0m
  [1m[35mActiveRecord::SchemaMigration Load (0.2ms)[0m  SELECT "schema_migrations".* FROM "schema_migrations"
  [1m[36m (0.2ms)[0m  [1m            SELECT sql
            FROM sqlite_master
            WHERE name='index_restaurants_on_user_id' AND type='index'
            UNION ALL
            SELECT sql
            FROM sqlite_temp_master
            WHERE name='index_restaurants_on_user_id' AND type='index'
[0m
  [1m[36m (0.1ms)[0m  [1mbegin transaction[0m
  [1m[35mSQL (8.0ms)[0m  INSERT INTO "users" ("first_name", "last_name", "email", "created_at", "updated_at") VALUES (?, ?, ?, ?, ?)  [["first_name", "Hasnain"], ["last_name", "Dossa"], ["email", "hdossa01@gmail.com"], ["created_at", "2015-09-10 16:19:08.592549"], ["updated_at", "2015-09-10 16:19:08.592549"]]
  [1m[36m (1.5ms)[0m  [1mcommit transaction[0m
  [1m[35m (0.1ms)[0m  begin transaction
  [1m[36mSQL (0.4ms)[0m  [1mINSERT INTO "users" ("first_name", "last_name", "email", "created_at", "updated_at") VALUES (?, ?, ?, ?, ?)[0m  [["first_name", "Hasnain"], ["last_name", "Dossa"], ["email", "hdossa01@gmail.com"], ["created_at", "2015-09-10 16:20:23.293992"], ["updated_at", "2015-09-10 16:20:23.293992"]]
  [1m[35m (1.4ms)[0m  commit transaction
  [1m[36m (0.1ms)[0m  [1mbegin transaction[0m
  [1m[35mSQL (14.3ms)[0m  INSERT INTO "restaurants" ("name", "capacity", "user_id", "created_at", "updated_at") VALUES (?, ?, ?, ?, ?)  [["name", "2 ILL"], ["capacity", 100], ["user_id", 2], ["created_at", "2015-09-10 16:21:25.286132"], ["updated_at", "2015-09-10 16:21:25.286132"]]
  [1m[36m (1.9ms)[0m  [1mcommit transaction[0m
  [1m[35m (0.2ms)[0m  SELECT COUNT(*) FROM "restaurants"
  [1m[36mRestaurant Load (0.5ms)[0m  [1mSELECT "restaurants".* FROM "restaurants" WHERE "restaurants"."user_id" = ?[0m  [["user_id", 2]]
  [1m[36mActiveRecord::SchemaMigration Load (0.1ms)[0m  [1mSELECT "schema_migrations".* FROM "schema_migrations"[0m
Migrating to CreateReservations (20150910162516)
  [1m[35m (0.1ms)[0m  begin transaction
  [1m[36m (0.7ms)[0m  [1mCREATE TABLE "reservations" ("id" INTEGER PRIMARY KEY AUTOINCREMENT NOT NULL, "dinner_time" datetime, "partysize" integer, "user_id" integer, "restaurant_id" integer, "created_at" datetime NOT NULL, "updated_at" datetime NOT NULL) [0m
  [1m[35m (0.1ms)[0m  select sqlite_version(*)
  [1m[36m (0.2ms)[0m  [1mCREATE  INDEX "index_reservations_on_user_id" ON "reservations" ("user_id")[0m
  [1m[35m (0.2ms)[0m              SELECT sql
            FROM sqlite_master
            WHERE name='index_reservations_on_user_id' AND type='index'
            UNION ALL
            SELECT sql
            FROM sqlite_temp_master
            WHERE name='index_reservations_on_user_id' AND type='index'

  [1m[36m (0.2ms)[0m  [1mCREATE  INDEX "index_reservations_on_restaurant_id" ON "reservations" ("restaurant_id")[0m
  [1m[35mSQL (0.3ms)[0m  INSERT INTO "schema_migrations" ("version") VALUES (?)  [["version", "20150910162516"]]
  [1m[36m (1.5ms)[0m  [1mcommit transaction[0m
Migrating to RenameUserIdToOwnerIdOnRestaurants (20150910164006)
  [1m[35m (0.1ms)[0m  begin transaction
  [1m[36m (3.3ms)[0m  [1mCREATE TEMPORARY TABLE "arestaurants" ("id" INTEGER PRIMARY KEY AUTOINCREMENT NOT NULL, "name" varchar, "owner_id" integer, "capacity" integer, "created_at" datetime NOT NULL, "updated_at" datetime NOT NULL) [0m
  [1m[35m (0.1ms)[0m              SELECT sql
            FROM sqlite_master
            WHERE name='index_restaurants_on_user_id' AND type='index'
            UNION ALL
            SELECT sql
            FROM sqlite_temp_master
            WHERE name='index_restaurants_on_user_id' AND type='index'

  [1m[36m (0.2ms)[0m  [1mCREATE  INDEX "tindex_arestaurants_on_user_id" ON "arestaurants" ("owner_id")[0m
  [1m[35m (0.1ms)[0m  SELECT * FROM "restaurants"
  [1m[36m (0.1ms)[0m  [1mINSERT INTO "arestaurants" ("id","name","owner_id","capacity","created_at","updated_at") VALUES (1, '2 ILL', 2, 100, '2015-09-10 16:21:25.286132', '2015-09-10 16:21:25.286132')[0m
  [1m[35m (28.9ms)[0m  DROP TABLE "restaurants"
  [1m[36m (0.3ms)[0m  [1mCREATE TABLE "restaurants" ("id" INTEGER PRIMARY KEY AUTOINCREMENT NOT NULL, "name" varchar, "owner_id" integer, "capacity" integer, "created_at" datetime NOT NULL, "updated_at" datetime NOT NULL) [0m
  [1m[35m (0.1ms)[0m              SELECT sql
            FROM sqlite_master
            WHERE name='tindex_arestaurants_on_user_id' AND type='index'
            UNION ALL
            SELECT sql
            FROM sqlite_temp_master
            WHERE name='tindex_arestaurants_on_user_id' AND type='index'

  [1m[36m (0.4ms)[0m  [1mCREATE  INDEX "index_restaurants_on_user_id" ON "restaurants" ("owner_id")[0m
  [1m[35m (0.1ms)[0m  SELECT * FROM "arestaurants"
  [1m[36m (0.1ms)[0m  [1mINSERT INTO "restaurants" ("id","name","owner_id","capacity","created_at","updated_at") VALUES (1, '2 ILL', 2, 100, '2015-09-10 16:21:25.286132', '2015-09-10 16:21:25.286132')[0m
  [1m[35m (0.5ms)[0m  DROP TABLE "arestaurants"
  [1m[36m (0.1ms)[0m  [1m            SELECT sql
            FROM sqlite_master
            WHERE name='index_restaurants_on_user_id' AND type='index'
            UNION ALL
            SELECT sql
            FROM sqlite_temp_master
            WHERE name='index_restaurants_on_user_id' AND type='index'
[0m
  [1m[35m (0.4ms)[0m              SELECT sql
            FROM sqlite_master
            WHERE name='index_restaurants_on_user_id' AND type='index'
            UNION ALL
            SELECT sql
            FROM sqlite_temp_master
            WHERE name='index_restaurants_on_user_id' AND type='index'

  [1m[36m (0.1ms)[0m  [1m            SELECT sql
            FROM sqlite_master
            WHERE name='index_restaurants_on_user_id' AND type='index'
            UNION ALL
            SELECT sql
            FROM sqlite_temp_master
            WHERE name='index_restaurants_on_user_id' AND type='index'
[0m
  [1m[35m (0.2ms)[0m  CREATE  INDEX "index_restaurants_on_owner_id" ON "restaurants" ("owner_id")
  [1m[36m (0.1ms)[0m  [1m            SELECT sql
            FROM sqlite_master
            WHERE name='index_restaurants_on_owner_id' AND type='index'
            UNION ALL
            SELECT sql
            FROM sqlite_temp_master
            WHERE name='index_restaurants_on_owner_id' AND type='index'
[0m
  [1m[35m (0.1ms)[0m              SELECT sql
            FROM sqlite_master
            WHERE name='index_restaurants_on_user_id' AND type='index'
            UNION ALL
            SELECT sql
            FROM sqlite_temp_master
            WHERE name='index_restaurants_on_user_id' AND type='index'

  [1m[36m (0.4ms)[0m  [1mDROP INDEX "index_restaurants_on_user_id"[0m
  [1m[35mSQL (0.2ms)[0m  INSERT INTO "schema_migrations" ("version") VALUES (?)  [["version", "20150910164006"]]
  [1m[36m (2.6ms)[0m  [1mcommit transaction[0m
  [1m[35mActiveRecord::SchemaMigration Load (0.1ms)[0m  SELECT "schema_migrations".* FROM "schema_migrations"
  [1m[36m (0.1ms)[0m  [1m            SELECT sql
            FROM sqlite_master
            WHERE name='index_reservations_on_restaurant_id' AND type='index'
            UNION ALL
            SELECT sql
            FROM sqlite_temp_master
            WHERE name='index_reservations_on_restaurant_id' AND type='index'
[0m
  [1m[35m (0.1ms)[0m              SELECT sql
            FROM sqlite_master
            WHERE name='index_reservations_on_user_id' AND type='index'
            UNION ALL
            SELECT sql
            FROM sqlite_temp_master
            WHERE name='index_reservations_on_user_id' AND type='index'

  [1m[36m (0.2ms)[0m  [1m            SELECT sql
            FROM sqlite_master
            WHERE name='index_restaurants_on_owner_id' AND type='index'
            UNION ALL
            SELECT sql
            FROM sqlite_temp_master
            WHERE name='index_restaurants_on_owner_id' AND type='index'
[0m
  [1m[36mUser Load (0.3ms)[0m  [1mSELECT  "users".* FROM "users"  ORDER BY "users"."id" ASC LIMIT 1[0m
  [1m[35mRestaurant Load (0.8ms)[0m  SELECT "restaurants".* FROM "restaurants" WHERE "restaurants"."user_id" = ?  [[nil, 1]]
SQLite3::SQLException: no such column: restaurants.user_id: SELECT "restaurants".* FROM "restaurants" WHERE "restaurants"."user_id" = ?
  [1m[36mRestaurant Load (1.0ms)[0m  [1mSELECT "restaurants".* FROM "restaurants" WHERE "restaurants"."user_id" = ?[0m  [[nil, 1]]
SQLite3::SQLException: no such column: restaurants.user_id: SELECT "restaurants".* FROM "restaurants" WHERE "restaurants"."user_id" = ?
  [1m[35mRestaurant Load (1.8ms)[0m  SELECT "restaurants".* FROM "restaurants" WHERE "restaurants"."user_id" = ?  [[nil, 1]]
SQLite3::SQLException: no such column: restaurants.user_id: SELECT "restaurants".* FROM "restaurants" WHERE "restaurants"."user_id" = ?
  [1m[36mRestaurant Load (1.4ms)[0m  [1mSELECT "restaurants".* FROM "restaurants" WHERE "restaurants"."user_id" = ?[0m  [[nil, 1]]
SQLite3::SQLException: no such column: restaurants.user_id: SELECT "restaurants".* FROM "restaurants" WHERE "restaurants"."user_id" = ?
  [1m[35mRestaurant Load (1.6ms)[0m  SELECT "restaurants".* FROM "restaurants" WHERE "restaurants"."user_id" = ?  [[nil, 1]]
SQLite3::SQLException: no such column: restaurants.user_id: SELECT "restaurants".* FROM "restaurants" WHERE "restaurants"."user_id" = ?
  [1m[36mUser Load (0.3ms)[0m  [1mSELECT  "users".* FROM "users"  ORDER BY "users"."id" ASC LIMIT 1[0m
  [1m[35mRestaurant Load (0.3ms)[0m  SELECT "restaurants".* FROM "restaurants" WHERE "restaurants"."owner_id" = ?  [["owner_id", 1]]
